<?xml version="1.0" encoding="UTF-8"?>
<testng-results ignored="0" total="4" passed="4" failed="0" skipped="0">
  <reporter-output>
    <line>
      <![CDATA[hello phytonselenium]]>
    </line>
    <line>
      <![CDATA[hello phyton]]>
    </line>
    <line>
      <![CDATA[hello selenium]]>
    </line>
    <line>
      <![CDATA[hello java]]>
    </line>
  </reporter-output>
  <suite started-at="2022-09-13T07:58:23 IST" name="Suite" finished-at="2022-09-13T07:58:24 IST" duration-ms="130">
    <groups>
    </groups>
    <test started-at="2022-09-13T07:58:23 IST" name="Test" finished-at="2022-09-13T07:58:24 IST" duration-ms="130">
      <class name="scripts.Test1">
        <test-method signature="tc1()[pri:0, instance:scripts.Test1@20f5239f]" started-at="2022-09-13T07:58:24 IST" name="tc1" finished-at="2022-09-13T07:58:24 IST" duration-ms="3" status="PASS">
          <reporter-output>
            <line>
              <![CDATA[hello java]]>
            </line>
          </reporter-output>
        </test-method> <!-- tc1 -->
      </class> <!-- scripts.Test1 -->
      <class name="scripts.Test3">
        <test-method signature="tc3()[pri:0, instance:scripts.Test3@6d3a388c]" started-at="2022-09-13T07:58:24 IST" name="tc3" finished-at="2022-09-13T07:58:24 IST" duration-ms="3" status="PASS">
          <reporter-output>
            <line>
              <![CDATA[hello phyton]]>
            </line>
          </reporter-output>
        </test-method> <!-- tc3 -->
      </class> <!-- scripts.Test3 -->
      <class name="scripts.Test2">
        <test-method signature="tc2()[pri:0, instance:scripts.Test2@193f604a]" started-at="2022-09-13T07:58:24 IST" name="tc2" finished-at="2022-09-13T07:58:24 IST" duration-ms="3" status="PASS">
          <reporter-output>
            <line>
              <![CDATA[hello selenium]]>
            </line>
          </reporter-output>
        </test-method> <!-- tc2 -->
      </class> <!-- scripts.Test2 -->
      <class name="scripts.Test4">
        <test-method signature="tc4()[pri:0, instance:scripts.Test4@120f102b]" started-at="2022-09-13T07:58:24 IST" name="tc4" finished-at="2022-09-13T07:58:24 IST" duration-ms="17" status="PASS">
          <reporter-output>
            <line>
              <![CDATA[hello phytonselenium]]>
            </line>
          </reporter-output>
        </test-method> <!-- tc4 -->
      </class> <!-- scripts.Test4 -->
    </test> <!-- Test -->
  </suite> <!-- Suite -->
</testng-results>
